[lp.pracialrepasses.com/assinatura/index.html]
[backblue.gif]
[fade.gif]
[index.html]
[lp.pracialrepasses.com/index.html]
[lp.pracialrepasses.com/wp-content/uploads/elementor/css/post-213bf96.css]
[lp.pracialrepasses.com/wp-content/plugins/elementor/assets/lib/font-awesome/css/fontawesome.min9e0b.css]
[lp.pracialrepasses.com/wp-content/plugins/elementor/assets/lib/font-awesome/css/regular.min9e0b.css]
[lp.pracialrepasses.com/wp-content/plugins/elementor/assets/lib/font-awesome/css/solid.min9e0b.css]
[lp.pracialrepasses.com/feed/index.html]
[lp.pracialrepasses.com/comments/feed/index.html]
[lp.pracialrepasses.com/wp-json/wp/v2/pages/213.json]
[lp.pracialrepasses.com/xmlrpc0db0.php]
[lp.pracialrepasses.com/wp-includes/js/jquery/jquery.min9d52.js]
[lp.pracialrepasses.com/wp-includes/js/jquery/jquery-migrate.mind617.js]
[lp.pracialrepasses.com/wp-json/oembed/1.0/embedb956.json]
[lp.pracialrepasses.com/wp-includes/wlwmanifest.xml]
[lp.pracialrepasses.com/wp-json/index.html]
[lp.pracialrepasses.com/wp-json/oembed/1.0/embede225]
[lp.pracialrepasses.com/wp-content/uploads/2020/10/source.gif]
[lp.pracialrepasses.com/wp-content/uploads/2020/10/novo.png]
[lp.pracialrepasses.com/wp-content/uploads/2020/09/LOGO-PRACIAL-2020-27-05-2020-300x160-1-150x150.png]
[lp.pracialrepasses.com/wp-content/uploads/2020/09/LOGO-PRACIAL-2020-27-05-2020-300x160-1.png]
[lp.pracialrepasses.com/wp-content/uploads/elementor/thumbs/6-owc8t4x7inkymus78e47ycnjwm7ugo4u2533in941a.png]
[lp.pracialrepasses.com/wp-content/uploads/elementor/thumbs/1-owc8stn58n5irj8l298p4fi0rzrfwaw20l99rbpu3y.png]
[lp.pracialrepasses.com/wp-content/uploads/elementor/thumbs/8-owc8t8ok9zq3xamqmfqq8bpea5pbbgjrenp1fr3jce.png]
[lp.pracialrepasses.com/wp-content/uploads/elementor/thumbs/3-owc8sza6dnd8p70e5bogje2scazn6hig1d66mzhh2m.png]
[lp.pracialrepasses.com/wp-content/uploads/elementor/thumbs/4-owc8t23oy5h3o0waouwc8vd64glqtktn1r4n2tdajy.png]
[lp.pracialrepasses.com/wp-content/uploads/elementor/thumbs/7-owc8t6svwbnja2pgxexh3c6h3dykw2caqee2h76bou.png]
[lp.pracialrepasses.com/wp-content/uploads/elementor/thumbs/10-owc8tddr85wjjcfwuzrv2sip9325dy2f3aygu4wkha.png]
[lp.pracialrepasses.com/wp-content/uploads/2020/11/ai-brasil-icons.png]
[lp.pracialrepasses.com/wp-content/uploads/2020/10/amarok-576x1024.jpg]
[lp.pracialrepasses.com/wp-content/uploads/2020/10/jeep-576x1024.jpg]
[lp.pracialrepasses.com/wp-content/uploads/2020/10/Linea-576x1024.jpg]
[lp.pracialrepasses.com/wp-content/uploads/2020/10/Cobalt-576x1024.jpg]
[lp.pracialrepasses.com/wp-content/uploads/2020/10/Focus-576x1024.jpg]
[lp.pracialrepasses.com/wp-content/uploads/2020/10/Golf-576x1024.jpg]
[lp.pracialrepasses.com/wp-content/uploads/2020/10/Jaguar-576x1024.jpg]
[lp.pracialrepasses.com/wp-content/uploads/2020/10/meca-576x1024.jpg]
[lp.pracialrepasses.com/wp-content/uploads/2020/10/ranger-576x1024.jpg]
[lp.pracialrepasses.com/wp-content/uploads/2020/10/fusion-576x1024.jpg]
[lp.pracialrepasses.com/wp-content/uploads/2020/10/frontier-576x1024.jpg]
[lp.pracialrepasses.com/wp-content/uploads/2020/10/cheroka-2-576x1024.jpg]
[lp.pracialrepasses.com/wp-content/uploads/2020/10/ASX-CORRIGIDO-576x1024.jpg]
[lp.pracialrepasses.com/wp-content/uploads/2020/10/Untitled-design-11-768x768.png]
[lp.pracialrepasses.com/wp-content/uploads/2020/10/Camaro-CORRIGIDO-576x1024.jpg]
[lp.pracialrepasses.com/wp-content/uploads/2020/10/Cherokee-CORRIGIDO-576x1024.jpg]
[lp.pracialrepasses.com/wp-content/uploads/2020/10/Corolla-CORRIGIDO-473x1024.jpg]
[lp.pracialrepasses.com/wp-content/uploads/2020/10/Toro-CORRIGIDO-473x1024.jpg]
[lp.pracialrepasses.com/wp-content/uploads/2020/10/Jetta-CORRIGIDO-576x1024.jpg]
[lp.pracialrepasses.com/wp-content/uploads/2020/10/Evoque-CORRIGIDO-576x1024.jpg]
[lp.pracialrepasses.com/wp-content/uploads/2020/10/Hillux-CORRIGIDO-576x1024.jpg]
[lp.pracialrepasses.com/wp-content/uploads/2020/10/1.png]
[lp.pracialrepasses.com/wp-content/plugins/elementor/assets/lib/jquery-numerator/jquery-numerator.min3958.js]
[lp.pracialrepasses.com/assinatura/index.html]
[lp.pracialrepasses.com/gho-pre-inscricao/index.html]
[lp.pracialrepasses.com/wp-includes/css/dist/block-library/style.min4c7e.css]
[lp.pracialrepasses.com/wp-includes/js/imagesloaded.mineda1.js]
[lp.pracialrepasses.com/wp-includes/css/dist/block-library/theme.min4c7e.css]
[lp.pracialrepasses.com/wp-content/themes/oceanwp/assets/js/third/magnific-popup.min4c56.js]
[lp.pracialrepasses.com/wp-content/uploads/2020/10/8.png]
[lp.pracialrepasses.com/wp-content/themes/oceanwp/assets/js/third/lightbox.min4c56.js]
[lp.pracialrepasses.com/wp-content/themes/oceanwp/assets/js/main.min4c56.js]
[lp.pracialrepasses.com/wp-includes/js/wp-embed.min4c7e.js]
[lp.pracialrepasses.com/wp-content/plugins/elementor/assets/js/webpack.runtime.minb12b.js]
[lp.pracialrepasses.com/wp-content/plugins/elementor/assets/js/frontend-modules.minb12b.js]
[lp.pracialrepasses.com/wp-content/plugins/elementor-pro/assets/lib/sticky/jquery.sticky.min521d.js]
[lp.pracialrepasses.com/wp-content/themes/oceanwp/assets/fonts/fontawesome/css/all.min9e0b.css]
[lp.pracialrepasses.com/wp-content/themes/oceanwp/assets/css/third/simple-line-icons.min8d5a.css]
[lp.pracialrepasses.com/wp-content/themes/oceanwp/assets/css/third/magnific-popup.min8a54.css]
[lp.pracialrepasses.com/wp-content/plugins/elementor-pro/assets/js/frontend.min521d.js]
[lp.pracialrepasses.com/wp-content/plugins/elementor/assets/lib/dialog/dialog.mina288.js]
[lp.pracialrepasses.com/wp-includes/js/jquery/ui/core.min35d0.js]
[lp.pracialrepasses.com/wp-content/plugins/elementor/assets/lib/waypoints/waypoints.min05da.js]
[lp.pracialrepasses.com/wp-content/themes/oceanwp/assets/css/third/slick.minaff7.css]
[lp.pracialrepasses.com/wp-content/plugins/elementor/assets/js/preloaded-elements-handlers.minb12b.js]
[lp.pracialrepasses.com/wp-content/themes/oceanwp/assets/css/style.min4c56.css]
[lp.pracialrepasses.com/wp-content/plugins/elementor/assets/lib/share-link/share-link.minb12b.js]
[lp.pracialrepasses.com/wp-content/plugins/elementor/assets/lib/swiper/swiper.min48f5.js]
[lp.pracialrepasses.com/wp-content/plugins/elementor/assets/js/frontend.minb12b.js]
[ajax.cloudflare.com/cdn-cgi/scripts/7089c43e/cloudflare-static/rocket-loader.min.js]
[lp.pracialrepasses.com/wp-content/plugins/elementor/assets/lib/eicons/css/elementor-icons.minee95.css]
[lp.pracialrepasses.com/wp-json/oembed/1.0/embede46a.json]
[lp.pracialrepasses.com/wp-json/oembed/1.0/embed232f]
[lp.pracialrepasses.com/wp-content/plugins/elementor/assets/lib/animations/animations.minb12b.css]
[lp.pracialrepasses.com/wp-json/wp/v2/pages/367.json]
[lp.pracialrepasses.com/wp-content/uploads/2020/10/3.png]
[lp.pracialrepasses.com/wp-content/plugins/elementor/assets/css/frontend-legacy.minb12b.css]
[lp.pracialrepasses.com/wp-content/uploads/2020/10/6.png]
[lp.pracialrepasses.com/wp-content/uploads/2020/10/4.png]
[lp.pracialrepasses.com/wp-content/plugins/elementor/assets/css/frontend.minb12b.css]
[lp.pracialrepasses.com/wp-content/uploads/2020/10/10.png]
[lp.pracialrepasses.com/wp-content/uploads/elementor/css/post-41276.css]
[lp.pracialrepasses.com/wp-content/uploads/2020/10/9.png]
[lp.pracialrepasses.com/wp-content/uploads/2020/10/7.png]
[lp.pracialrepasses.com/wp-content/plugins/elementor-pro/assets/css/frontend.min521d.css]
[lp.pracialrepasses.com/wp-content/uploads/2020/10/2.png]
[lp.pracialrepasses.com/wp-content/themes/oceanwp/assets/fonts/fontawesome/webfonts/fa-brands-400.eot]
[lp.pracialrepasses.com/wp-content/uploads/elementor/css/global2b1c.css]
[lp.pracialrepasses.com/wp-content/themes/oceanwp/assets/fonts/fontawesome/webfonts/fa-brands-400d41d.eot]
[lp.pracialrepasses.com/wp-content/themes/oceanwp/assets/fonts/fontawesome/webfonts/fa-brands-400.woff2]
[lp.pracialrepasses.com/wp-content/uploads/elementor/css/post-213bf96.css]
[lp.pracialrepasses.com/wp-content/themes/oceanwp/assets/fonts/fontawesome/webfonts/fa-brands-400.woff]
[lp.pracialrepasses.com/wp-content/themes/oceanwp/assets/fonts/fontawesome/webfonts/fa-brands-400.ttf]
[lp.pracialrepasses.com/wp-content/plugins/elementor/assets/lib/font-awesome/css/fontawesome.min9e0b.css]
[lp.pracialrepasses.com/wp-content/themes/oceanwp/assets/fonts/fontawesome/webfonts/fa-regular-400.eot]
[lp.pracialrepasses.com/wp-content/themes/oceanwp/assets/fonts/fontawesome/webfonts/fa-regular-400d41d.eot]
[lp.pracialrepasses.com/wp-content/themes/oceanwp/assets/fonts/fontawesome/webfonts/fa-regular-400.woff2]
[lp.pracialrepasses.com/wp-content/themes/oceanwp/assets/fonts/fontawesome/webfonts/fa-regular-400.woff]
[lp.pracialrepasses.com/wp-content/themes/oceanwp/assets/fonts/fontawesome/webfonts/fa-regular-400.ttf]
[lp.pracialrepasses.com/wp-content/themes/oceanwp/assets/fonts/fontawesome/webfonts/fa-solid-900.eot]
[lp.pracialrepasses.com/wp-content/themes/oceanwp/assets/fonts/fontawesome/webfonts/fa-solid-900d41d.eot]
[lp.pracialrepasses.com/wp-content/plugins/elementor/assets/lib/font-awesome/webfonts/fa-regular-400.eot]
[lp.pracialrepasses.com/wp-content/plugins/elementor/assets/lib/font-awesome/webfonts/fa-regular-400d41d.eot]
[lp.pracialrepasses.com/wp-content/themes/oceanwp/assets/fonts/fontawesome/webfonts/fa-solid-900.woff2]
[lp.pracialrepasses.com/wp-content/plugins/elementor/assets/lib/font-awesome/webfonts/fa-regular-400.woff2]
[lp.pracialrepasses.com/wp-content/plugins/elementor/assets/lib/font-awesome/webfonts/fa-regular-400.woff]
[lp.pracialrepasses.com/wp-content/themes/oceanwp/assets/fonts/fontawesome/webfonts/fa-solid-900.woff]
[lp.pracialrepasses.com/wp-content/themes/oceanwp/assets/fonts/fontawesome/webfonts/fa-solid-900.ttf]
[lp.pracialrepasses.com/wp-content/plugins/elementor/assets/lib/font-awesome/webfonts/fa-regular-400.ttf]
[lp.pracialrepasses.com/wp-content/themes/oceanwp/assets/fonts/simple-line-icons/Simple-Line-Iconsb26c.eot]
[lp.pracialrepasses.com/wp-content/themes/oceanwp/assets/fonts/simple-line-icons/Simple-Line-Iconsb26c.woff2]
[lp.pracialrepasses.com/wp-content/themes/oceanwp/assets/fonts/simple-line-icons/Simple-Line-Iconsb26c.ttf]
[lp.pracialrepasses.com/wp-content/themes/oceanwp/assets/fonts/simple-line-icons/Simple-Line-Iconsb26c.woff]
[lp.pracialrepasses.com/wp-content/plugins/elementor/assets/lib/font-awesome/css/regular.min9e0b.css]
[lp.pracialrepasses.com/wp-content/plugins/elementor/assets/lib/font-awesome/webfonts/fa-regular-400.svg]
[lp.pracialrepasses.com/wp-content/themes/oceanwp/assets/fonts/slick/slickd41d.eot]
[lp.pracialrepasses.com/wp-content/themes/oceanwp/assets/fonts/slick/slick.eot]
[lp.pracialrepasses.com/wp-content/themes/oceanwp/assets/fonts/slick/slick.woff]
[lp.pracialrepasses.com/wp-content/themes/oceanwp/assets/fonts/slick/slick.ttf]
[lp.pracialrepasses.com/wp-content/plugins/elementor/assets/lib/font-awesome/webfonts/fa-solid-900.eot]
[lp.pracialrepasses.com/wp-content/plugins/elementor/assets/lib/font-awesome/webfonts/fa-solid-900d41d.eot]
[lp.pracialrepasses.com/wp-content/plugins/elementor/assets/lib/eicons/fonts/eicons0b93.eot]
[lp.pracialrepasses.com/wp-content/plugins/elementor/assets/lib/eicons/fonts/eicons0b93.woff2]
[lp.pracialrepasses.com/wp-content/plugins/elementor/assets/lib/font-awesome/webfonts/fa-solid-900.woff2]
[lp.pracialrepasses.com/wp-content/plugins/elementor/assets/lib/font-awesome/webfonts/fa-solid-900.woff]
[lp.pracialrepasses.com/wp-content/plugins/elementor/assets/lib/eicons/fonts/eicons0b93.woff]
[lp.pracialrepasses.com/wp-content/plugins/elementor/assets/lib/eicons/fonts/eicons0b93.ttf]
[lp.pracialrepasses.com/wp-content/plugins/elementor/assets/lib/font-awesome/webfonts/fa-solid-900.ttf]
[lp.pracialrepasses.com/wp-content/plugins/elementor/assets/lib/font-awesome/css/solid.min9e0b.css]
[lp.pracialrepasses.com/xmlrpc0db0.html]
[lp.pracialrepasses.com/indexf3dd.html]
[lp.pracialrepasses.com/wp-content/uploads/elementor/css/post-3673e0c.css]
[lp.pracialrepasses.com/index55d4.html]
[lp.pracialrepasses.com/wp-content/themes/oceanwp/assets/fonts/fontawesome/webfonts/fa-brands-400.svg]
[lp.pracialrepasses.com/wp-content/themes/oceanwp/assets/fonts/fontawesome/webfonts/fa-regular-400.svg]
[lp.pracialrepasses.com/wp-content/themes/oceanwp/assets/fonts/fontawesome/webfonts/fa-solid-900.svg]
[lp.pracialrepasses.com/wp-content/themes/oceanwp/assets/fonts/simple-line-icons/Simple-Line-Iconsb26c.svg]
[lp.pracialrepasses.com/wp-content/themes/oceanwp/assets/fonts/slick/slick.svg]
[lp.pracialrepasses.com/wp-content/plugins/elementor/assets/lib/eicons/fonts/eicons0b93.svg]
[lp.pracialrepasses.com/wp-content/plugins/elementor/assets/lib/font-awesome/webfonts/fa-regular-400.svg]
[lp.pracialrepasses.com/wp-content/plugins/elementor/assets/lib/font-awesome/webfonts/fa-solid-900.svg]
[lp.pracialrepasses.com/wp-content/plugins/elementor/assets/lib/font-awesome/webfonts/fa-solid-900.svg]
[lp.pracialrepasses.com/wp-content/uploads/2020/10/como-comprar-carro-pela-internet-com-seguranca.jpg]
